
SQL*Loader: Release 21.0.0.0.0 - Production on Mar. Juil. 5 10:50:14 2022
Version 21.3.0.0.0

Copyright (c) 1982, 2021, Oracle and/or its affiliates.  All rights reserved.

Fichier de contrôle :   C:\load\employeparis.ctl
Fichier de données :      c:\load\employeparis.txt
  Fichier des enregistrements refusés :     c:\load\employeparis.bad
  Fichier de rebut : c:\load\employeparis.dsc
 (Allouer tous les rebuts)

Nombre à charger : ALL
Nombre à ignorer : 0
Erreurs autorisés : 50
Tableau de variables :     250 lignes, maximum de 1048576 octets
Continuation :    aucune spécification
Chemin utilisé:      Classique

Table EMPLOYE, chargé à partir de chaque enregistrement physique.
Option d'insertion en vigueur pour cette table : INSERT
option TRAILING NULLCOLS effective

   Nom de colonne                  Position   Long  Type de données encadr.
------------------------------ ---------- ----- ---- ---- ---------------------
NOEMPLOYE                           FIRST     *   ;       CHARACTER            
    chaîne SQL pour la colonne : "seq_employe.nextval"
NOM                                  NEXT     *   ;       CHARACTER            
PRENOM                               NEXT     *   ;       CHARACTER            
DATENAISS                            NEXT     *   ;       CHARACTER            
DATEEMBAUCHE                         NEXT     *   ;       CHARACTER            
SALAIRE                              NEXT     *   ;       CHARACTER            
FONCTION                             NEXT     *   ;       CHARACTER            


Table EMPLOYE :
  Chargement de 7 Lignes effectué.
  0 Lignes : chargement impossible dû à des erreurs de données.
  0 Lignes : chargement impossible car échec de toutes les clauses WHEN.
  0 Lignes : chargement impossible car tous les champs étaient non renseignés.


Espace affecté au tableau de variables :                 451500 octets(250 lignes)
Octets de tampon de lecture : 1048576

Nombre total d'enregistrements logiques ignorés :          0
Nombre total d'enregistrements logiques lus :             7
Nombre total d'enregistrements logiques rejetés :         0
Nombre total d'enregistrements logiques mis au rebut :        0

Le début de l'exécution a été effectué sur Mar. Juil. 05 10:50:14 2022
La fin de l'exécution a été effectuée sur Mar. Juil. 05 10:50:14 2022

Temps écoulé (ELAPSED) :     00:00:00.40
Temps processeur (CPU) :    00:00:00.06
