
SQL*Loader: Release 21.0.0.0.0 - Production on Mar. Juil. 5 10:50:12 2022
Version 21.3.0.0.0

Copyright (c) 1982, 2021, Oracle and/or its affiliates.  All rights reserved.

Fichier de contrôle :   C:\load\entrepriseparis.ctl
Fichier de données :      c:\load\entrepriseparis.txt
  Fichier des enregistrements refusés :     c:\load\entrepriseparis.bad
  Fichier de rebut : c:\load\entrepriseparis.dsc
 (Allouer tous les rebuts)

Nombre à charger : ALL
Nombre à ignorer : 0
Erreurs autorisés : 50
Tableau de variables :     250 lignes, maximum de 1048576 octets
Continuation :    aucune spécification
Chemin utilisé:      Classique

Table ENTREPRISE, chargé à partir de chaque enregistrement physique.
Option d'insertion en vigueur pour cette table : INSERT
option TRAILING NULLCOLS effective

   Nom de colonne                  Position   Long  Type de données encadr.
------------------------------ ---------- ----- ---- ---- ---------------------
SIRET                               FIRST     *   ;       CHARACTER            
RAISONSOCIALE                        NEXT     *   ;       CHARACTER            
NORUEENTR                            NEXT     *   ;       CHARACTER            
RUEENTR                              NEXT     *   ;       CHARACTER            
CPOSTALENTR                          NEXT     *   ;       CHARACTER            
VILLEENTR                            NEXT     *   ;       CHARACTER            
NOTEL                                NEXT     *   ;       CHARACTER            
CONTACT                              NEXT     *   ;       CHARACTER            


Table ENTREPRISE :
  Chargement de 15 Lignes effectué.
  0 Lignes : chargement impossible dû à des erreurs de données.
  0 Lignes : chargement impossible car échec de toutes les clauses WHEN.
  0 Lignes : chargement impossible car tous les champs étaient non renseignés.


Espace affecté au tableau de variables :                 516000 octets(250 lignes)
Octets de tampon de lecture : 1048576

Nombre total d'enregistrements logiques ignorés :          0
Nombre total d'enregistrements logiques lus :            15
Nombre total d'enregistrements logiques rejetés :         0
Nombre total d'enregistrements logiques mis au rebut :        0

Le début de l'exécution a été effectué sur Mar. Juil. 05 10:50:12 2022
La fin de l'exécution a été effectuée sur Mar. Juil. 05 10:50:13 2022

Temps écoulé (ELAPSED) :     00:00:00.72
Temps processeur (CPU) :    00:00:00.09
