
SQL*Loader: Release 21.0.0.0.0 - Production on Mar. Juil. 5 10:50:55 2022
Version 21.3.0.0.0

Copyright (c) 1982, 2021, Oracle and/or its affiliates.  All rights reserved.

Fichier de contrôle :   C:\load\typedechetlille.ctl
Fichier de données :      c:\load\typedechetlille.txt
  Fichier des enregistrements refusés :     c:\load\typedechetlille.bad
  Fichier de rebut : c:\load\typedechetlille.dsc
 (Allouer tous les rebuts)

Nombre à charger : ALL
Nombre à ignorer : 0
Erreurs autorisés : 50
Tableau de variables :     250 lignes, maximum de 1048576 octets
Continuation :    aucune spécification
Chemin utilisé:      Classique

Table TYPEDECHET, chargé à partir de chaque enregistrement physique.
Option d'insertion en vigueur pour cette table : INSERT
option TRAILING NULLCOLS effective

   Nom de colonne                  Position   Long  Type de données encadr.
------------------------------ ---------- ----- ---- ---- ---------------------
NOTYPEDECHET                        FIRST     *   ;       CHARACTER            
    chaîne SQL pour la colonne : "seq_typedechet.nextval"
NOMTYPEDECHET                        NEXT     *   ;       CHARACTER            
NIV_DANGER                           NEXT     *   ;       CHARACTER            


Table TYPEDECHET :
  Chargement de 12 Lignes effectué.
  0 Lignes : chargement impossible dû à des erreurs de données.
  0 Lignes : chargement impossible car échec de toutes les clauses WHEN.
  0 Lignes : chargement impossible car tous les champs étaient non renseignés.


Espace affecté au tableau de variables :                 193500 octets(250 lignes)
Octets de tampon de lecture : 1048576

Nombre total d'enregistrements logiques ignorés :          0
Nombre total d'enregistrements logiques lus :            12
Nombre total d'enregistrements logiques rejetés :         0
Nombre total d'enregistrements logiques mis au rebut :        0

Le début de l'exécution a été effectué sur Mar. Juil. 05 10:50:55 2022
La fin de l'exécution a été effectuée sur Mar. Juil. 05 10:50:56 2022

Temps écoulé (ELAPSED) :     00:00:00.39
Temps processeur (CPU) :    00:00:00.05
